current directory: C:/Users/UVa/Desktop/Contenido/git/frankcoriera.github.io/frankcoriera.github.io/docs/jekyll-theme-chirpy/ruby/3.4.0/gems/wdm-0.2.0/ext/wdm
C:/Ruby34-x64/bin/ruby.exe extconf.rb
checking for -lkernel32... yes
checking for windows.h... yes
creating Makefile

current directory: C:/Users/UVa/Desktop/Contenido/git/frankcoriera.github.io/frankcoriera.github.io/docs/jekyll-theme-chirpy/ruby/3.4.0/gems/wdm-0.2.0/ext/wdm
make DESTDIR\= sitearchdir\=./.gem.20251127-23384-mu3awf sitelibdir\=./.gem.20251127-23384-mu3awf clean

current directory: C:/Users/UVa/Desktop/Contenido/git/frankcoriera.github.io/frankcoriera.github.io/docs/jekyll-theme-chirpy/ruby/3.4.0/gems/wdm-0.2.0/ext/wdm
make DESTDIR\= sitearchdir\=./.gem.20251127-23384-mu3awf sitelibdir\=./.gem.20251127-23384-mu3awf
generating wdm_ext-x64-mingw-ucrt.def
compiling entry.c
compiling memory.c
compiling monitor.c
compiling queue.c
compiling rb_change.c
compiling rb_monitor.c
compiling utils.c
compiling wdm.c
linking shared-object wdm_ext.so

current directory: C:/Users/UVa/Desktop/Contenido/git/frankcoriera.github.io/frankcoriera.github.io/docs/jekyll-theme-chirpy/ruby/3.4.0/gems/wdm-0.2.0/ext/wdm
make DESTDIR\= sitearchdir\=./.gem.20251127-23384-mu3awf sitelibdir\=./.gem.20251127-23384-mu3awf install
/usr/bin/install -c -m 0755 wdm_ext.so ./.gem.20251127-23384-mu3awf

current directory: C:/Users/UVa/Desktop/Contenido/git/frankcoriera.github.io/frankcoriera.github.io/docs/jekyll-theme-chirpy/ruby/3.4.0/gems/wdm-0.2.0/ext/wdm
make DESTDIR\= sitearchdir\=./.gem.20251127-23384-mu3awf sitelibdir\=./.gem.20251127-23384-mu3awf clean
