current directory: C:/Users/UVa/Desktop/Contenido/git/frankcoriera.github.io/frankcoriera.github.io/docs/jekyll-theme-chirpy/ruby/3.4.0/gems/json-2.16.0/ext/json/ext/parser
C:/Ruby34-x64/bin/ruby.exe extconf.rb
checking for rb_enc_interned_str() in ruby/encoding.h... yes
checking for rb_str_to_interned_str() in ruby.h... yes
checking for rb_hash_new_capa() in ruby.h... yes
checking for rb_hash_bulk_insert() in ruby.h... yes
checking for strnlen() in string.h... yes
checking for whether -std=c99 is accepted as CFLAGS... yes
checking for x86intrin.h... yes
checking for cpuid.h... yes
creating Makefile

current directory: C:/Users/UVa/Desktop/Contenido/git/frankcoriera.github.io/frankcoriera.github.io/docs/jekyll-theme-chirpy/ruby/3.4.0/gems/json-2.16.0/ext/json/ext/parser
make DESTDIR\= sitearchdir\=./.gem.20251127-23384-7yru9i sitelibdir\=./.gem.20251127-23384-7yru9i clean

current directory: C:/Users/UVa/Desktop/Contenido/git/frankcoriera.github.io/frankcoriera.github.io/docs/jekyll-theme-chirpy/ruby/3.4.0/gems/json-2.16.0/ext/json/ext/parser
make DESTDIR\= sitearchdir\=./.gem.20251127-23384-7yru9i sitelibdir\=./.gem.20251127-23384-7yru9i
generating parser-x64-mingw-ucrt.def
compiling parser.c
linking shared-object json/ext/parser.so

current directory: C:/Users/UVa/Desktop/Contenido/git/frankcoriera.github.io/frankcoriera.github.io/docs/jekyll-theme-chirpy/ruby/3.4.0/gems/json-2.16.0/ext/json/ext/parser
make DESTDIR\= sitearchdir\=./.gem.20251127-23384-7yru9i sitelibdir\=./.gem.20251127-23384-7yru9i install
/usr/bin/install -c -m 0755 parser.so ./.gem.20251127-23384-7yru9i/json/ext

current directory: C:/Users/UVa/Desktop/Contenido/git/frankcoriera.github.io/frankcoriera.github.io/docs/jekyll-theme-chirpy/ruby/3.4.0/gems/json-2.16.0/ext/json/ext/parser
make DESTDIR\= sitearchdir\=./.gem.20251127-23384-7yru9i sitelibdir\=./.gem.20251127-23384-7yru9i clean
