current directory: C:/Users/UVa/Desktop/Contenido/git/frankcoriera.github.io/frankcoriera.github.io/docs/jekyll-theme-chirpy/ruby/3.4.0/gems/io-event-1.14.2/ext
C:/Ruby34-x64/bin/ruby.exe extconf.rb
checking for whether -Wall is accepted as CFLAGS... yes
checking for whether -Wno-unknown-pragmas is accepted as CFLAGS... yes
checking for whether -std=c99 is accepted as CFLAGS... yes
checking for rb_ext_ractor_safe()... yes
checking for &rb_fiber_transfer()... yes
checking for -luring... no
checking for sys/epoll.h... no
checking for sys/event.h... no
checking for sys/wait.h... no
checking for sys/eventfd.h... no
checking for rb_io_descriptor()... yes
checking for &rb_process_status_wait()... yes
checking for rb_fiber_current()... yes
checking for &rb_fiber_raise()... yes
checking for epoll_pwait2()... no
checking for ruby/io/buffer.h... yes
checking for rb_fiber_scheduler_blocking_operation_extract()... no
creating extconf.h
creating Makefile

current directory: C:/Users/UVa/Desktop/Contenido/git/frankcoriera.github.io/frankcoriera.github.io/docs/jekyll-theme-chirpy/ruby/3.4.0/gems/io-event-1.14.2/ext
make DESTDIR\= sitearchdir\=./.gem.20251127-23384-qlx1mu sitelibdir\=./.gem.20251127-23384-qlx1mu clean

current directory: C:/Users/UVa/Desktop/Contenido/git/frankcoriera.github.io/frankcoriera.github.io/docs/jekyll-theme-chirpy/ruby/3.4.0/gems/io-event-1.14.2/ext
make DESTDIR\= sitearchdir\=./.gem.20251127-23384-qlx1mu sitelibdir\=./.gem.20251127-23384-qlx1mu
generating IO_Event-x64-mingw-ucrt.def
compiling ./io/event/event.c
compiling ./io/event/time.c
compiling ./io/event/fiber.c
compiling ./io/event/selector/selector.c
./io/event/selector/selector.c: In function 'IO_Event_Selector_nonblock_set':
./io/event/selector/selector.c:44:1: warning: control reaches end of non-void function [-Wreturn-type]
   44 | }
      | ^
compiling ./io/event/interrupt.c
linking shared-object IO_Event.so

current directory: C:/Users/UVa/Desktop/Contenido/git/frankcoriera.github.io/frankcoriera.github.io/docs/jekyll-theme-chirpy/ruby/3.4.0/gems/io-event-1.14.2/ext
make DESTDIR\= sitearchdir\=./.gem.20251127-23384-qlx1mu sitelibdir\=./.gem.20251127-23384-qlx1mu install
/usr/bin/install -c -m 0755 IO_Event.so ./.gem.20251127-23384-qlx1mu

current directory: C:/Users/UVa/Desktop/Contenido/git/frankcoriera.github.io/frankcoriera.github.io/docs/jekyll-theme-chirpy/ruby/3.4.0/gems/io-event-1.14.2/ext
make DESTDIR\= sitearchdir\=./.gem.20251127-23384-qlx1mu sitelibdir\=./.gem.20251127-23384-qlx1mu clean
